WARNING: A terminally deprecated method in sun.misc.Unsafe has been called
WARNING: sun.misc.Unsafe::staticFieldBase has been called by com.google.inject.internal.aop.HiddenClassDefiner (file:/D:/Development/apache-maven-3.9.11/lib/guice-5.1.0-classes.jar)
WARNING: Please consider reporting this to the maintainers of class com.google.inject.internal.aop.HiddenClassDefiner
WARNING: sun.misc.Unsafe::staticFieldBase will be removed in a future release
[INFO] Scanning for projects...
[INFO] 
[INFO] --------------------< com.draagon:metaobjects-core >--------------------
[INFO] Building MetaObjects :: Core 5.1.0-SNAPSHOT
[INFO]   from pom.xml
[INFO] -------------------------------[ bundle ]-------------------------------
[INFO] 
[INFO] --- enforcer:1.2:enforce (enforce-maven) @ metaobjects-core ---
[INFO] 
[INFO] --- resources:3.1.0:resources (default-resources) @ metaobjects-core ---
[INFO] Using 'UTF-8' encoding to copy filtered resources.
[INFO] Copying 5 resources
[INFO] 
[INFO] --- compiler:3.13.0:compile (default-compile) @ metaobjects-core ---
[INFO] Nothing to compile - all classes are up to date.
[INFO] 
[INFO] --- bundle:5.1.9:manifest (bundle-manifest) @ metaobjects-core ---
[WARNING] Manifest com.draagon:metaobjects-core:bundle:5.1.0-SNAPSHOT : Split package, multiple jars provide the same package:com/draagon/meta/registry
Use Import/Export Package directive -split-package:=(merge-first|merge-last|error|first) to get rid of this warning
Package found in   [Jar:., Jar:metaobjects-metadata]
Class path         [Jar:., Jar:metaobjects-metadata, Jar:commons-validator, Jar:commons-beanutils, Jar:commons-digester, Jar:commons-collections, Jar:gson, Jar:error_prone_annotations, Jar:xml-apis, Jar:xercesImpl, Jar:slf4j-api, Jar:logback-classic, Jar:logback-core, Jar:jcl-over-slf4j, Jar:commons-logging]
[INFO] Writing manifest: D:\Development\draagon\draagon-metaobjects\core\target\classes\META-INF\MANIFEST.MF
[INFO] 
[INFO] --- resources:3.1.0:testResources (default-testResources) @ metaobjects-core ---
[INFO] Using 'UTF-8' encoding to copy filtered resources.
[INFO] Copying 18 resources
[INFO] 
[INFO] --- compiler:3.13.0:testCompile (default-testCompile) @ metaobjects-core ---
[INFO] Nothing to compile - all classes are up to date.
[INFO] 
[INFO] --- surefire:3.5.4:test (default-test) @ metaobjects-core ---
[INFO] Using auto detected provider org.apache.maven.surefire.junit4.JUnit4Provider
[INFO] 
[INFO] -------------------------------------------------------
[INFO]  T E S T S
[INFO] -------------------------------------------------------
[INFO] Running com.draagon.meta.loader.xml.XMLMetaDataLoaderTest
07:55:40,512 |-INFO in ch.qos.logback.classic.LoggerContext[default] - This is logback-classic version 1.5.12
07:55:40,513 |-INFO in ch.qos.logback.classic.util.ContextInitializer@1d8bd0de - No custom configurators were discovered as a service.
07:55:40,513 |-INFO in ch.qos.logback.classic.util.ContextInitializer@1d8bd0de - Trying to configure with ch.qos.logback.classic.joran.SerializedModelConfigurator
07:55:40,513 |-INFO in ch.qos.logback.classic.util.ContextInitializer@1d8bd0de - Constructed configurator of type class ch.qos.logback.classic.joran.SerializedModelConfigurator
07:55:40,513 |-INFO in ch.qos.logback.classic.LoggerContext[default] - Could NOT find resource [logback-test.scmo]
07:55:40,514 |-INFO in ch.qos.logback.classic.LoggerContext[default] - Could NOT find resource [logback.scmo]
07:55:40,516 |-INFO in ch.qos.logback.classic.util.ContextInitializer@1d8bd0de - ch.qos.logback.classic.joran.SerializedModelConfigurator.configure() call lasted 1 milliseconds. ExecutionStatus=INVOKE_NEXT_IF_ANY
07:55:40,516 |-INFO in ch.qos.logback.classic.util.ContextInitializer@1d8bd0de - Trying to configure with ch.qos.logback.classic.util.DefaultJoranConfigurator
07:55:40,517 |-INFO in ch.qos.logback.classic.util.ContextInitializer@1d8bd0de - Constructed configurator of type class ch.qos.logback.classic.util.DefaultJoranConfigurator
07:55:40,517 |-INFO in ch.qos.logback.classic.LoggerContext[default] - Could NOT find resource [logback-test.xml]
07:55:40,518 |-INFO in ch.qos.logback.classic.LoggerContext[default] - Found resource [logback.xml] at [file:/D:/Development/draagon/draagon-metaobjects/core/target/classes/logback.xml]
07:55:40,518 |-WARN in ch.qos.logback.classic.util.DefaultJoranConfigurator@45ca843 - Resource [logback.xml] occurs multiple times on the classpath.
07:55:40,518 |-WARN in ch.qos.logback.classic.util.DefaultJoranConfigurator@45ca843 - Resource [logback.xml] occurs at [jar:file:/C:/Users/Doug/.m2/repository/com/draagon/metaobjects-metadata/5.1.0-SNAPSHOT/metaobjects-metadata-5.1.0-SNAPSHOT.jar!/logback.xml]
07:55:40,518 |-WARN in ch.qos.logback.classic.util.DefaultJoranConfigurator@45ca843 - Resource [logback.xml] occurs at [file:/D:/Development/draagon/draagon-metaobjects/core/target/classes/logback.xml]
07:55:40,597 |-INFO in ch.qos.logback.core.model.processor.AppenderModelHandler - Processing appender named [CONSOLE]
07:55:40,597 |-INFO in ch.qos.logback.core.model.processor.AppenderModelHandler - About to instantiate appender of type [ch.qos.logback.core.ConsoleAppender]
07:55:40,600 |-INFO in ch.qos.logback.core.model.processor.ImplicitModelHandler - Assuming default type [ch.qos.logback.classic.encoder.PatternLayoutEncoder] for [encoder] property
07:55:40,616 |-INFO in ch.qos.logback.classic.model.processor.RootLoggerModelHandler - Setting level of ROOT logger to INFO
07:55:40,616 |-INFO in ch.qos.logback.core.model.processor.AppenderRefModelHandler - Attaching appender named [CONSOLE] to Logger[ROOT]
07:55:40,617 |-INFO in ch.qos.logback.classic.model.processor.LoggerModelHandler - Setting level of logger [com.draagon.meta] to INFO
07:55:40,617 |-INFO in ch.qos.logback.classic.model.processor.LoggerModelHandler - Setting level of logger [org.springframework] to WARN
07:55:40,617 |-INFO in ch.qos.logback.classic.model.processor.LoggerModelHandler - Setting level of logger [org.apache] to WARN
07:55:40,617 |-INFO in ch.qos.logback.core.model.processor.DefaultProcessor@11c9af63 - End of configuration.
07:55:40,617 |-INFO in ch.qos.logback.classic.joran.JoranConfigurator@757acd7b - Registering current configuration as safe fallback point
07:55:40,617 |-INFO in ch.qos.logback.classic.util.ContextInitializer@1d8bd0de - ch.qos.logback.classic.util.DefaultJoranConfigurator.configure() call lasted 100 milliseconds. ExecutionStatus=DO_NOT_INVOKE_NEXT_IF_ANY

07:55:40.634 [ForkJoinPool.commonPool-worker-1] INFO  c.d.m.r.ServiceRegistryFactory - Creating StandardServiceRegistry (OSGI not available)
07:55:40.656 [main] INFO  c.d.m.registry.MetaDataTypeRegistry - Found 2 MetaDataTypeProvider services
07:55:40.664 [main] INFO  c.d.m.r.CoreObjectTypeProvider - Registered core object types and 4 attr types
07:55:40.672 [main] INFO  c.d.m.r.CoreMetaDataTypeProvider - Registered all core MetaData types
07:55:40.673 [main] INFO  c.d.m.registry.MetaDataTypeRegistry - Type discovery complete. Registered 32 types
DEBUG: Created MetaAttribute [produce::v1::common::farmName] in parent [test], class=StringAttribute
DEBUG: Created MetaAttribute [produce::v1::common::min] in parent [produce::v1::common::length], class=IntAttribute
DEBUG: Created MetaAttribute [produce::v1::common::max] in parent [produce::v1::common::length], class=StringAttribute
DEBUG: Created MetaAttribute [produce::v1::fruit::object] in parent [produce::v1::fruit::Fruit], class=StringAttribute
DEBUG: Created MetaAttribute [object] in parent [produce::v1::fruit::Macintosh], class=StringAttribute
DEBUG: MetaAttribute 'object' value = [com.draagon.meta.test.produce.v1.Macintosh]
DEBUG: Created MetaAttribute [produce::v1::fruit::object] in parent [produce::v1::fruit::Orange], class=StringAttribute
DEBUG: Created MetaAttribute [produce::v1::vegetable::object] in parent [produce::v1::vegetable::Vegetable], class=StringAttribute
DEBUG: Created MetaAttribute [produce::v1::vegetable::object] in parent [produce::v1::vegetable::Tomato], class=StringAttribute
DEBUG OVERLAY: Searching for existing [object:produce::v1::container::Basket] in parent [test]
  Parent has 9 total children
  Child: StringAttribute type=attr name=produce::v1::common::farmName
  Child: LongField type=field name=produce::v1::common::id
  Child: StringField type=field name=produce::v1::common::name
  Child: PojoMetaObject type=object name=produce::v1::fruit::Fruit
  Child: PojoMetaObject type=object name=produce::v1::fruit::Apple
  Child: PojoMetaObject type=object name=produce::v1::fruit::Macintosh
  Child: PojoMetaObject type=object name=produce::v1::fruit::Orange
  Child: PojoMetaObject type=object name=produce::v1::vegetable::Vegetable
  Child: PojoMetaObject type=object name=produce::v1::vegetable::Tomato
DEBUG OVERLAY: No existing MetaData found for [object:Basket] - will create new
DEBUG OVERLAY: Final MetaData [produce::v1::container::Basket] has 0 children:
DEBUG OVERLAY: Searching for existing [object:produce::v1::container::Basket] in parent [test]
  Parent has 11 total children
  Child: StringAttribute type=attr name=produce::v1::common::farmName
  Child: LongField type=field name=produce::v1::common::id
  Child: StringField type=field name=produce::v1::common::name
  Child: PojoMetaObject type=object name=produce::v1::fruit::Fruit
  Child: PojoMetaObject type=object name=produce::v1::fruit::Apple
  Child: PojoMetaObject type=object name=produce::v1::fruit::Macintosh
  Child: PojoMetaObject type=object name=produce::v1::fruit::Orange
  Child: PojoMetaObject type=object name=produce::v1::vegetable::Vegetable
  Child: PojoMetaObject type=object name=produce::v1::vegetable::Tomato
  Child: ValueMetaObject type=object name=produce::v1::container::Basket
  Child: PojoMetaObject type=object name=produce::v1::container::ext::ProduceExt
DEBUG OVERLAY: Found existing MetaData for overlay: produce::v1::container::Basket (will overlay)
DEBUG OVERLAY: Final MetaData [produce::v1::container::Basket] has 9 children:
  Final Child: PrimaryKey type=key name=produce::v1::container::primary
  Final Child: LongField type=field name=produce::v1::container::id
  Final Child: StringField type=field name=produce::v1::container::name
  Final Child: IntegerField type=field name=produce::v1::container::numApples
  Final Child: IntegerField type=field name=produce::v1::container::numOranges
  Final Child: IntegerField type=field name=produce::v1::container::numVeggies
  Final Child: ObjectArrayField type=field name=produce::v1::container::apples
  Final Child: ObjectArrayField type=field name=produce::v1::container::oranges
  Final Child: ObjectArrayField type=field name=produce::v1::container::veggies
[ERROR] Tests run: 1, Failures: 0, Errors: 1, Skipped: 0, Time elapsed: 0.241 s <<< FAILURE! -- in com.draagon.meta.loader.xml.XMLMetaDataLoaderTest
[ERROR] com.draagon.meta.loader.xml.XMLMetaDataLoaderTest.testExtensions -- Time elapsed: 0.004 s <<< ERROR!
com.draagon.meta.field.MetaFieldNotFoundException: MetaField [specialOverlay] does not exist in MetaObject [ValueMetaObject[object:value]{produce::v1::container::Basket}@test]
	at com.draagon.meta.object.MetaObject.lambda$getMetaField$0(MetaObject.java:288)
	at com.draagon.meta.MetaData.useCache(MetaData.java:1198)
	at com.draagon.meta.object.MetaObject.getMetaField(MetaObject.java:277)
	at com.draagon.meta.loader.xml.XMLMetaDataLoaderTest.testExtensions(XMLMetaDataLoaderTest.java:105)
	at java.base/jdk.internal.reflect.DirectMethodHandleAccessor.invoke(DirectMethodHandleAccessor.java:104)
	at java.base/java.lang.reflect.Method.invoke(Method.java:565)
	at org.junit.runners.model.FrameworkMethod$1.runReflectiveCall(FrameworkMethod.java:59)
	at org.junit.internal.runners.model.ReflectiveCallable.run(ReflectiveCallable.java:12)
	at org.junit.runners.model.FrameworkMethod.invokeExplosively(FrameworkMethod.java:56)
	at org.junit.internal.runners.statements.InvokeMethod.evaluate(InvokeMethod.java:17)
	at org.junit.internal.runners.statements.RunBefores.evaluate(RunBefores.java:26)
	at org.junit.internal.runners.statements.RunAfters.evaluate(RunAfters.java:27)
	at org.junit.runners.ParentRunner$3.evaluate(ParentRunner.java:306)
	at org.junit.runners.BlockJUnit4ClassRunner$1.evaluate(BlockJUnit4ClassRunner.java:100)
	at org.junit.runners.ParentRunner.runLeaf(ParentRunner.java:366)
	at org.junit.runners.BlockJUnit4ClassRunner.runChild(BlockJUnit4ClassRunner.java:103)
	at org.junit.runners.BlockJUnit4ClassRunner.runChild(BlockJUnit4ClassRunner.java:63)
	at org.junit.runners.ParentRunner$4.run(ParentRunner.java:331)
	at org.junit.runners.ParentRunner$1.schedule(ParentRunner.java:79)
	at org.junit.runners.ParentRunner.runChildren(ParentRunner.java:329)
	at org.junit.runners.ParentRunner.access$100(ParentRunner.java:66)
	at org.junit.runners.ParentRunner$2.evaluate(ParentRunner.java:293)
	at org.junit.internal.runners.statements.RunBefores.evaluate(RunBefores.java:26)
	at org.junit.internal.runners.statements.RunAfters.evaluate(RunAfters.java:27)
	at org.junit.runners.ParentRunner$3.evaluate(ParentRunner.java:306)
	at org.junit.runners.ParentRunner.run(ParentRunner.java:413)
	at org.apache.maven.surefire.junit4.JUnit4Provider.execute(JUnit4Provider.java:316)
	at org.apache.maven.surefire.junit4.JUnit4Provider.executeWithRerun(JUnit4Provider.java:240)
	at org.apache.maven.surefire.junit4.JUnit4Provider.executeTestSet(JUnit4Provider.java:214)
	at org.apache.maven.surefire.junit4.JUnit4Provider.invoke(JUnit4Provider.java:155)
	at org.apache.maven.surefire.booter.ForkedBooter.runSuitesInProcess(ForkedBooter.java:385)
	at org.apache.maven.surefire.booter.ForkedBooter.execute(ForkedBooter.java:162)
	at org.apache.maven.surefire.booter.ForkedBooter.run(ForkedBooter.java:507)
	at org.apache.maven.surefire.booter.ForkedBooter.main(ForkedBooter.java:495)

[INFO] 
[INFO] Results:
[INFO] 
[ERROR] Errors: 
[ERROR]   XMLMetaDataLoaderTest.testExtensions:105 » MetaFieldNotFound MetaField [specialOverlay] does not exist in MetaObject [ValueMetaObject[object:value]{produce::v1::container::Basket}@test]
[INFO] 
[ERROR] Tests run: 1, Failures: 0, Errors: 1, Skipped: 0
[INFO] 
[INFO] ------------------------------------------------------------------------
[INFO] BUILD FAILURE
[INFO] ------------------------------------------------------------------------
[INFO] Total time:  2.219 s
[INFO] Finished at: 2025-09-17T07:55:40-04:00
[INFO] ------------------------------------------------------------------------
[ERROR] Failed to execute goal org.apache.maven.plugins:maven-surefire-plugin:3.5.4:test (default-test) on project metaobjects-core: 
[ERROR] 
[ERROR] See D:\Development\draagon\draagon-metaobjects\core\target\surefire-reports for the individual test results.
[ERROR] See dump files (if any exist) [date].dump, [date]-jvmRun[N].dump and [date].dumpstream.
[ERROR] -> [Help 1]
[ERROR] 
[ERROR] To see the full stack trace of the errors, re-run Maven with the -e switch.
[ERROR] Re-run Maven using the -X switch to enable full debug logging.
[ERROR] 
[ERROR] For more information about the errors and possible solutions, please read the following articles:
[ERROR] [Help 1] http://cwiki.apache.org/confluence/display/MAVEN/MojoFailureException
